[2024-05-10 21:31:11,367] [INFO] --------------- Start cropped image accessory -----------------
[2024-05-10 21:31:11,369] [INFO] Time load libraries: 1.1310088634490967 
[2024-05-10 21:31:12,501] [INFO] Successfully loaded IR model
[2024-05-10 21:31:12,502] [INFO] [INFO] Time to load model: 1.1336066722869873
[2024-05-10 21:31:12,949] [INFO] [INFO] Model output shape: boxes: (1, 40, 8400), masks: (1, 32, 160, 160)
[2024-05-10 21:31:12,968] [INFO] [INFO] Class id: phone, Scores: 0.9205898642539978
[2024-05-10 21:31:12,973] [INFO] Processing mask 0
[2024-05-10 21:31:12,973] [INFO] Mask shape: (724, 2)
[2024-05-10 21:31:12,982] [INFO] Bounding box coordinates: x=186, y=149, w=769, h=1035
[2024-05-10 21:31:13,012] [INFO] [INFO] Saving image_mask_debug to ./debug/result_faster\image_with_masks.jpg
[2024-05-10 21:31:13,058] [INFO] [INFO] Saving image_bbox_debug to ./debug/result_faster\image_with_bbox.jpg
[2024-05-10 21:31:13,085] [INFO] [INFO] Phone detected in the image.
[2024-05-10 21:31:13,085] [INFO] [INFOR] Time taken: 2.847306966781616
[2024-05-10 21:31:13,085] [INFO] [INFOR] Time taken: 2.847306966781616
[2024-05-10 21:31:13,085] [INFO] --------------- Processing completed successfully.---------------
[2024-05-10 21:31:15,687] [INFO] --------------- Start cropped image accessory -----------------
[2024-05-10 21:31:15,689] [INFO] Time load libraries: 0.30091094970703125 
[2024-05-10 21:31:16,051] [INFO] Successfully loaded IR model
[2024-05-10 21:31:16,051] [INFO] [INFO] Time to load model: 0.36249446868896484
[2024-05-10 21:31:16,405] [INFO] [INFO] Model output shape: boxes: (1, 40, 8400), masks: (1, 32, 160, 160)
[2024-05-10 21:31:16,412] [INFO] [INFO] Class id: phone, Scores: 0.9205898642539978
[2024-05-10 21:31:16,414] [INFO] Processing mask 0
[2024-05-10 21:31:16,415] [INFO] Mask shape: (724, 2)
[2024-05-10 21:31:16,419] [INFO] Bounding box coordinates: x=186, y=149, w=769, h=1035
[2024-05-10 21:31:16,438] [INFO] [INFO] Saving image_mask_debug to ./debug/result_faster\image_with_masks.jpg
[2024-05-10 21:31:16,492] [INFO] [INFO] Saving image_bbox_debug to ./debug/result_faster\image_with_bbox.jpg
[2024-05-10 21:31:16,521] [INFO] [INFO] Phone detected in the image.
[2024-05-10 21:31:16,521] [INFO] [INFOR] Time taken: 1.1345622539520264
[2024-05-10 21:31:16,521] [INFO] [INFOR] Time taken: 1.1345622539520264
[2024-05-10 21:31:16,522] [INFO] --------------- Processing completed successfully.---------------
